<?xml version="1.0" encoding="UTF-8"?>
<!-- Generated by org.testng.reporters.JUnitXMLReporter -->
<testsuite hostname="LAPTOP-8EO5ID8Q" ignored="4" name="Test" tests="2" failures="1" timestamp="06 Aug 2019 06:54:35 GMT" time="27.666" errors="0">
  <testcase name="AppMenu" time="13.293" classname="com.amazon.testcase.Launch"/>
  <testcase name="MobileComputer" time="14.319" classname="com.amazon.testcase.Launch">
    <failure type="org.openqa.selenium.NoSuchElementException" message="An element could not be located on the page using the given search parameters.
For documentation on this error, please visit: https://www.seleniumhq.org/exceptions/no_such_element.html
Build info: version: &amp;apos;3.141.59&amp;apos;, revision: &amp;apos;e82be7d358&amp;apos;, time: &amp;apos;2018-11-14T08:17:03&amp;apos;
System info: host: &amp;apos;LAPTOP-8EO5ID8Q&amp;apos;, ip: &amp;apos;192.168.1.4&amp;apos;, os.name: &amp;apos;Windows 10&amp;apos;, os.arch: &amp;apos;amd64&amp;apos;, os.version: &amp;apos;10.0&amp;apos;, java.version: &amp;apos;1.8.0_211&amp;apos;
Driver info: io.appium.java_client.android.AndroidDriver
Capabilities {appActivity: com.amazon.mShop.home.HomeA..., appPackage: in.amazon.mShop.android.sho..., browserName: , databaseEnabled: false, desired: {appActivity: com.amazon.mShop.home.HomeA..., appPackage: in.amazon.mShop.android.sho..., browserName: , deviceName: Galaxy A50, fullReset: false, model: RZ8M31M9CDE, noReset: true, platformName: android, platformVersion: 9}, deviceManufacturer: samsung, deviceModel: SM-A505F, deviceName: RZ8M31M9CDE, deviceScreenSize: 1080x2340, deviceUDID: RZ8M31M9CDE, fullReset: false, javascriptEnabled: true, locationContextEnabled: false, model: RZ8M31M9CDE, networkConnectionEnabled: true, noReset: true, platform: LINUX, platformName: Android, platformVersion: 9, takesScreenshot: true, warnings: {}, webStorageEnabled: false}
Session ID: 534234d2-dba9-4868-8e0a-94baa511cbeb
*** Element info: {Using=xpath, value=//*[@text=&amp;apos;Laptops&amp;apos;]}">
      <![CDATA[org.openqa.selenium.NoSuchElementException: An element could not be located on the page using the given search parameters.
For documentation on this error, please visit: https://www.seleniumhq.org/exceptions/no_such_element.html
Build info: version: '3.141.59', revision: 'e82be7d358', time: '2018-11-14T08:17:03'
System info: host: 'LAPTOP-8EO5ID8Q', ip: '192.168.1.4', os.name: 'Windows 10', os.arch: 'amd64', os.version: '10.0', java.version: '1.8.0_211'
Driver info: io.appium.java_client.android.AndroidDriver
Capabilities {appActivity: com.amazon.mShop.home.HomeA..., appPackage: in.amazon.mShop.android.sho..., browserName: , databaseEnabled: false, desired: {appActivity: com.amazon.mShop.home.HomeA..., appPackage: in.amazon.mShop.android.sho..., browserName: , deviceName: Galaxy A50, fullReset: false, model: RZ8M31M9CDE, noReset: true, platformName: android, platformVersion: 9}, deviceManufacturer: samsung, deviceModel: SM-A505F, deviceName: RZ8M31M9CDE, deviceScreenSize: 1080x2340, deviceUDID: RZ8M31M9CDE, fullReset: false, javascriptEnabled: true, locationContextEnabled: false, model: RZ8M31M9CDE, networkConnectionEnabled: true, noReset: true, platform: LINUX, platformName: Android, platformVersion: 9, takesScreenshot: true, warnings: {}, webStorageEnabled: false}
Session ID: 534234d2-dba9-4868-8e0a-94baa511cbeb
*** Element info: {Using=xpath, value=//*[@text='Laptops']}
at org.openqa.selenium.remote.http.W3CHttpResponseCodec.createException(W3CHttpResponseCodec.java:187)
at org.openqa.selenium.remote.http.W3CHttpResponseCodec.decode(W3CHttpResponseCodec.java:122)
at org.openqa.selenium.remote.http.W3CHttpResponseCodec.decode(W3CHttpResponseCodec.java:49)
at org.openqa.selenium.remote.HttpCommandExecutor.execute(HttpCommandExecutor.java:158)
at io.appium.java_client.remote.AppiumCommandExecutor.execute(AppiumCommandExecutor.java:239)
at org.openqa.selenium.remote.RemoteWebDriver.execute(RemoteWebDriver.java:552)
at io.appium.java_client.DefaultGenericMobileDriver.execute(DefaultGenericMobileDriver.java:42)
at io.appium.java_client.AppiumDriver.execute(AppiumDriver.java:1)
at io.appium.java_client.android.AndroidDriver.execute(AndroidDriver.java:1)
at org.openqa.selenium.remote.RemoteWebDriver.findElement(RemoteWebDriver.java:323)
at io.appium.java_client.DefaultGenericMobileDriver.findElement(DefaultGenericMobileDriver.java:62)
at io.appium.java_client.AppiumDriver.findElement(AppiumDriver.java:1)
at io.appium.java_client.android.AndroidDriver.findElement(AndroidDriver.java:1)
at org.openqa.selenium.remote.RemoteWebDriver.findElementByXPath(RemoteWebDriver.java:428)
at io.appium.java_client.DefaultGenericMobileDriver.findElementByXPath(DefaultGenericMobileDriver.java:152)
at io.appium.java_client.AppiumDriver.findElementByXPath(AppiumDriver.java:1)
at io.appium.java_client.android.AndroidDriver.findElementByXPath(AndroidDriver.java:1)
at org.openqa.selenium.By$ByXPath.findElement(By.java:353)
at org.openqa.selenium.remote.RemoteWebDriver.findElement(RemoteWebDriver.java:315)
at io.appium.java_client.DefaultGenericMobileDriver.findElement(DefaultGenericMobileDriver.java:58)
at io.appium.java_client.AppiumDriver.findElement(AppiumDriver.java:1)
at io.appium.java_client.android.AndroidDriver.findElement(AndroidDriver.java:1)
at com.amazon.testcase.Launch.MobileComputer(Launch.java:47)
... Removed 29 stack frames]]>
    </failure>
  </testcase> <!-- MobileComputer -->
  <testcase name="@AfterSuite afterClass" time="0.0" classname="com.amazon.base.AppCapabilities">
    <ignored/>
  </testcase> <!-- @AfterSuite afterClass -->
  <testcase name="@AfterSuite afterClass" time="0.0" classname="com.amazon.base.AppCapabilities">
    <ignored/>
  </testcase> <!-- @AfterSuite afterClass -->
  <testcase name="@BeforeSuite Capabilities" time="0.0" classname="com.amazon.base.AppCapabilities">
    <ignored/>
  </testcase> <!-- @BeforeSuite Capabilities -->
  <testcase name="@BeforeSuite Capabilities" time="0.0" classname="com.amazon.base.AppCapabilities">
    <ignored/>
  </testcase> <!-- @BeforeSuite Capabilities -->
</testsuite> <!-- Test -->
